<?xml version="1.0" encoding="UTF-8"?>
<!-- Generated by org.testng.reporters.JUnitReportReporter -->
<testsuite skipped="0" hostname="DESKTOP-LI3S5DK" name="com.training.sanity.tests.TestCase_2" tests="1" failures="0" timestamp="25 Aug 2020 02:44:49 GMT" time="16.916" errors="0">
  <testcase name="validLoginTest" time="16.916" classname="com.training.sanity.tests.TestCase_2"/>
</testsuite> <!-- com.training.sanity.tests.TestCase_2 -->
