<?xml version="1.0" encoding="UTF-8"?>
<!-- Generated by org.testng.reporters.JUnitReportReporter -->
<testsuite skipped="0" hostname="DESKTOP-LI3S5DK" name="com.training.sanity.tests.LoginTests" tests="1" failures="0" timestamp="21 Aug 2020 03:05:17 GMT" time="26.302" errors="0">
  <testcase name="validLoginTest" time="26.302" classname="com.training.sanity.tests.LoginTests"/>
</testsuite> <!-- com.training.sanity.tests.LoginTests -->
