<?xml version="1.0" encoding="UTF-8"?>
<!-- Generated by org.testng.reporters.JUnitReportReporter -->
<testsuite skipped="0" hostname="DESKTOP-LI3S5DK" name="com.training.sanity.tests.Medium_TestCase" tests="2" failures="0" timestamp="26 Aug 2020 04:32:56 GMT" time="13.019" errors="0">
  <testcase name="validLoginTest" time="3.419" classname="com.training.sanity.tests.Medium_TestCase"/>
  <testcase name="MediumTestCase_1" time="9.600" classname="com.training.sanity.tests.Medium_TestCase"/>
</testsuite> <!-- com.training.sanity.tests.Medium_TestCase -->
