<?xml version="1.0" encoding="UTF-8"?>
<!-- Generated by org.testng.reporters.JUnitReportReporter -->
<testsuite skipped="0" hostname="DESKTOP-LI3S5DK" name="com.training.sanity.tests.TestCase_2" tests="2" failures="0" timestamp="26 Aug 2020 02:31:13 GMT" time="8.200" errors="0">
  <testcase name="validLoginTest" time="3.729" classname="com.training.sanity.tests.TestCase_2"/>
  <testcase name="TestCase_3" time="4.471" classname="com.training.sanity.tests.TestCase_2"/>
</testsuite> <!-- com.training.sanity.tests.TestCase_2 -->
